Could not connect to localhost:61616
|--------------------------------------------|
|         Starting Character Demo            |
|--------------------------------------------|
Loading [../data/ChrBrad]
Configuring scene parameters and camera
Setting up joint map and configuring Brad's skeleton
Establishing lip syncing data set
Setting up face definition
Adding character into scene
Loading image       :../data/mesh/ChrBrad/ChrBrad_Hair_Dif.png	2048	2048	4
Loading image       :../data/mesh/ChrBrad/ChrBrad_Teeth_Dif.png	1024	1024	4
Loading image       :../data/mesh/ChrBrad/ChrBrad_Hands_Dif.png	2048	2048	4
Loading image       :../data/mesh/ChrBrad/ChrBrad_Hands_Nrm.png	2048	2048	4
Loading image       :../data/mesh/ChrBrad/ChrBrad_UpperBody_Dif.png	2048	2048	4
Loading image       :../data/mesh/ChrBrad/ChrBrad_UpperBody_Nrm.png	2048	2048	4
Loading image       :../data/mesh/ChrBrad/ChrBrad_LowerBody_Dif.png	2048	2048	4
Loading image       :../data/mesh/ChrBrad/ChrBrad_LowerBody_Nrm.png	2048	2048	4
Loading image       :../data/mesh/ChrBrad/ChrBrad_Shoes_Dif.png	2048	2048	4
Loading image       :../data/mesh/ChrBrad/ChrBrad_Shoes_Nrm.png	2048	2048	4
Loading image       :../data/mesh/ChrBrad/ChrBrad_Head_Dif.png	2048	2048	4
Loading image       :../data/mesh/ChrBrad/ChrBrad_Head_Nrm.png	2048	2048	4
Loading image       :../data/mesh/ChrBrad/ChrBrad_Eyelash_Dif.png	512	512	4
Loading image       :../data/mesh/ChrBrad/ChrBrad_Eye_Dif.png	1024	1024	3
Build Skinned Buffer
dynamic mesh size = 73, skin weight size = 73
meshIndexList size = 73
nTotalVtxs = 43810, nTotalTris = 83927
Setting up behavior set for MaleMocapLocomotion...
Loading [behaviorsets/MaleMocapLocomotion/skeletons]
locomotion smooth cycle
Motion named ChrMarine@Turn90Lf01 already exists, new motion will not be added.
Init Steer Agent
Steer agent with name ChrBrad does not exist.
Setting up steering agent for character ChrBrad
Setting up behavior set for gestures...
Loading [behaviorsets/Gestures2/skeletons]
| BradGestureMap.py |
Warning, String Attribute gestureMapAngry does not exist.
Warning, String Attribute gestureMapSad does not exist.
Setting up behavior set for Reaching ...
Loading [behaviorsets/reaching/skeletons]
Motion named ChrHarmony_Relax001_LArmReachRtMidLow already exists, new motion will not be added.
Setting up reach database for ChrBrad
setting up reach for ChrBrad , numReach()=1
ReachEngine Root Name = JtRoot

ReachEngine Root Name = JtRoot

Setting up steering
Setting up steering agent for character ChrBrad
Starting the simulation
Traceback (most recent call last):

  File "<string>", line 1, in <module>

  File "/home/winston/smartbody/data/examples/ejemplito.py", line 171, in <module>

    
main()  

  File "/home/winston/smartbody/data/examples/ejemplito.py", line 164, in main

    
root = Tk()

  File "/usr/lib/python2.7/lib-tk/Tkinter.py", line 1762, in __init__

    
baseName = os.path.basename(sys.argv[0])

AttributeError
: 
'module' object has no attribute 'argv'
Create Vertex Shader
After Build Vertex Shader
Create Fragment Shader
After Build Fragment Shader






Create Vertex Shader
After Build Vertex Shader
Create Fragment Shader
After Build Fragment Shader






Create Vertex Shader
After Build Vertex Shader
Create Fragment Shader
After Build Fragment Shader






Traceback (most recent call last):

  File "<string>", line 25, in <module>

  File "<string>", line 18, in main

  File "/usr/lib/python2.7/lib-tk/Tkinter.py", line 1762, in __init__

    
baseName = os.path.basename(sys.argv[0])

AttributeError
: 
'module' object has no attribute 'argv'
sbgui terminated gracefully.
